<?xml version="1.0" encoding="UTF-8"?>
<!-- Generated by org.testng.reporters.JUnitReportReporter -->
<testsuite hostname="WKSPUN05GTR0519" failures="0" tests="5" name="com.automateQA.runner.RunnerClass" time="18.161" errors="0" timestamp="2025-04-30T11:20:29 IST" skipped="0">
  <testcase classname="com.automateQA.runner.RunnerClass" name="runScenario" time="1.052"/>
  <system-out/>
  <testcase classname="com.automateQA.runner.RunnerClass" name="runScenario" time="0.636"/>
  <system-out/>
  <testcase classname="com.automateQA.runner.RunnerClass" name="runScenario" time="14.768"/>
  <system-out/>
  <testcase classname="com.automateQA.runner.RunnerClass" name="runScenario" time="1.069"/>
  <system-out/>
  <testcase classname="com.automateQA.runner.RunnerClass" name="runScenario" time="0.636"/>
  <system-out/>
</testsuite> <!-- com.automateQA.runner.RunnerClass -->
