<?xml version="1.0" encoding="UTF-8"?>
<!-- Generated by org.testng.reporters.JUnitReportReporter -->
<testsuite hostname="WKSPUN05GTR0519" failures="0" tests="5" name="com.automateQA.runner.RunnerClass" time="18.763" errors="0" timestamp="2025-04-30T12:30:50 IST" skipped="0">
  <testcase classname="com.automateQA.runner.RunnerClass" name="runScenario" time="1.211"/>
  <system-out/>
  <testcase classname="com.automateQA.runner.RunnerClass" name="runScenario" time="0.621"/>
  <system-out/>
  <testcase classname="com.automateQA.runner.RunnerClass" name="runScenario" time="14.926"/>
  <system-out/>
  <testcase classname="com.automateQA.runner.RunnerClass" name="runScenario" time="0.898"/>
  <system-out/>
  <testcase classname="com.automateQA.runner.RunnerClass" name="runScenario" time="1.107"/>
  <system-out/>
</testsuite> <!-- com.automateQA.runner.RunnerClass -->
